Determining if the pthread_create exist failed with the following output:
Change Dir: /home/nalindas9/Documents/Courses/Spring_2020_Semester_2/ENPM690_Robot_Learning/Github/enpm690/Project_2/shady_ws/build/CMakeFiles/CMakeTmp

Run Build Command:"/usr/bin/make" "cmTC_272e5/fast"
/usr/bin/make -f CMakeFiles/cmTC_272e5.dir/build.make CMakeFiles/cmTC_272e5.dir/build
make[1]: Entering directory '/home/nalindas9/Documents/Courses/Spring_2020_Semester_2/ENPM690_Robot_Learning/Github/enpm690/Project_2/shady_ws/build/CMakeFiles/CMakeTmp'
Building C object CMakeFiles/cmTC_272e5.dir/CheckSymbolExists.c.o
/usr/bin/cc     -o CMakeFiles/cmTC_272e5.dir/CheckSymbolExists.c.o   -c /home/nalindas9/Documents/Courses/Spring_2020_Semester_2/ENPM690_Robot_Learning/Github/enpm690/Project_2/shady_ws/build/CMakeFiles/CMakeTmp/CheckSymbolExists.c
Linking C executable cmTC_272e5
/usr/bin/cmake -E cmake_link_script CMakeFiles/cmTC_272e5.dir/link.txt --verbose=1
/usr/bin/cc       CMakeFiles/cmTC_272e5.dir/CheckSymbolExists.c.o  -o cmTC_272e5 -rdynamic 
CMakeFiles/cmTC_272e5.dir/CheckSymbolExists.c.o: In function `main':
CheckSymbolExists.c:(.text+0x16): undefined reference to `pthread_create'
collect2: error: ld returned 1 exit status
CMakeFiles/cmTC_272e5.dir/build.make:97: recipe for target 'cmTC_272e5' failed
make[1]: *** [cmTC_272e5] Error 1
make[1]: Leaving directory '/home/nalindas9/Documents/Courses/Spring_2020_Semester_2/ENPM690_Robot_Learning/Github/enpm690/Project_2/shady_ws/build/CMakeFiles/CMakeTmp'
Makefile:126: recipe for target 'cmTC_272e5/fast' failed
make: *** [cmTC_272e5/fast] Error 2

File /home/nalindas9/Documents/Courses/Spring_2020_Semester_2/ENPM690_Robot_Learning/Github/enpm690/Project_2/shady_ws/build/CMakeFiles/CMakeTmp/CheckSymbolExists.c:
/* */
#include <pthread.h>

int main(int argc, char** argv)
{
  (void)argv;
#ifndef pthread_create
  return ((int*)(&pthread_create))[argc];
#else
  (void)argc;
  return 0;
#endif
}

Determining if the function pthread_create exists in the pthreads failed with the following output:
Change Dir: /home/nalindas9/Documents/Courses/Spring_2020_Semester_2/ENPM690_Robot_Learning/Github/enpm690/Project_2/shady_ws/build/CMakeFiles/CMakeTmp

Run Build Command:"/usr/bin/make" "cmTC_3db0c/fast"
/usr/bin/make -f CMakeFiles/cmTC_3db0c.dir/build.make CMakeFiles/cmTC_3db0c.dir/build
make[1]: Entering directory '/home/nalindas9/Documents/Courses/Spring_2020_Semester_2/ENPM690_Robot_Learning/Github/enpm690/Project_2/shady_ws/build/CMakeFiles/CMakeTmp'
Building C object CMakeFiles/cmTC_3db0c.dir/CheckFunctionExists.c.o
/usr/bin/cc    -DCHECK_FUNCTION_EXISTS=pthread_create   -o CMakeFiles/cmTC_3db0c.dir/CheckFunctionExists.c.o   -c /usr/share/cmake-3.5/Modules/CheckFunctionExists.c
Linking C executable cmTC_3db0c
/usr/bin/cmake -E cmake_link_script CMakeFiles/cmTC_3db0c.dir/link.txt --verbose=1
/usr/bin/cc   -DCHECK_FUNCTION_EXISTS=pthread_create    CMakeFiles/cmTC_3db0c.dir/CheckFunctionExists.c.o  -o cmTC_3db0c -rdynamic -lpthreads 
/usr/bin/ld: cannot find -lpthreads
collect2: error: ld returned 1 exit status
CMakeFiles/cmTC_3db0c.dir/build.make:97: recipe for target 'cmTC_3db0c' failed
make[1]: *** [cmTC_3db0c] Error 1
make[1]: Leaving directory '/home/nalindas9/Documents/Courses/Spring_2020_Semester_2/ENPM690_Robot_Learning/Github/enpm690/Project_2/shady_ws/build/CMakeFiles/CMakeTmp'
Makefile:126: recipe for target 'cmTC_3db0c/fast' failed
make: *** [cmTC_3db0c/fast] Error 2


